{
  "RSpec": {
    "coverage": {
      "/home/laerte/Repositórios GitHub/renewal/app/models/user.rb": [
        1,
        null,
        null,
        1,
        null,
        null
      ],
      "/home/laerte/Repositórios GitHub/renewal/app/models/application_record.rb": [
        1,
        1,
        null
      ],
      "/home/laerte/Repositórios GitHub/renewal/app/helpers/application_helper.rb": [
        1,
        null
      ],
      "/home/laerte/Repositórios GitHub/renewal/app/mailers/application_mailer.rb": [
        0,
        0,
        0,
        0
      ],
      "/home/laerte/Repositórios GitHub/renewal/app/controllers/application_controller.rb": [
        0,
        0
      ]
    },
    "timestamp": 1556150011
  }
}
